<?xml version="1.0" encoding="UTF-8"?>
<!-- Generated by org.testng.reporters.JUnitReportReporter -->
<testsuite hostname="DESKTOP-5MKITOR" failures="0" tests="1" name="Test.test2" time="0.009" errors="0" timestamp="2022-02-28T21:38:15 IST" skipped="0">
  <testcase classname="Test.test2" name="demo3" time="0.009"/>
  <system-out/>
</testsuite> <!-- Test.test2 -->
