<?xml version="1.0" encoding="UTF-8"?>
<!-- Generated by org.testng.reporters.JUnitReportReporter -->
<testsuite hostname="DESKTOP-5MKITOR" failures="0" tests="4" name="Test.dbtest" time="0.017" errors="0" timestamp="2022-03-08T15:27:47 IST" skipped="0">
  <testcase classname="Test.dbtest" name="testcase1" time="0.002"/>
  <system-out/>
  <testcase classname="Test.dbtest" name="testcase1" time="0.007"/>
  <system-out/>
  <testcase classname="Test.dbtest" name="testcase1" time="0.002"/>
  <system-out/>
  <testcase classname="Test.dbtest" name="testcase1" time="0.006"/>
  <system-out/>
</testsuite> <!-- Test.dbtest -->
