<?xml version="1.0" encoding="UTF-8"?>
<!-- Generated by org.testng.reporters.JUnitReportReporter -->
<testsuite hostname="DESKTOP-5MKITOR" failures="0" tests="5" name="Test.test1" time="0.043" errors="0" timestamp="2022-02-28T21:38:15 IST" skipped="1">
  <testcase classname="Test.test1" name="friend" time="0.003"/>
  <system-out/>
  <testcase classname="Test.test1" name="demome" time="0.006"/>
  <system-out/>
  <testcase classname="Test.test1" name="demo1" time="0.009"/>
  <system-out/>
  <testcase classname="Test.test1" name="demomer" time="0.025"/>
  <system-out/>
  <testcase classname="Test.test1" name="demom">
    <skipped/>
  </testcase> <!-- demom -->
  <system-out/>
</testsuite> <!-- Test.test1 -->
