<?xml version="1.0" encoding="UTF-8"?>
<!-- Generated by org.testng.reporters.JUnitReportReporter -->
<testsuite hostname="DESKTOP-5MKITOR" failures="0" tests="1" name="Test.Test3" time="0.007" errors="0" timestamp="2022-02-28T21:34:52 IST" skipped="0">
  <testcase classname="Test.Test3" name="momos7" time="0.007"/>
  <system-out/>
</testsuite> <!-- Test.Test3 -->
